What size chessboard to solve for ? 12
Solution found : 

   здддбдддбдддбдддбдддбдддбдддбдддбдддбдддбдддбддд©
   Ё Q Ё   Ё   Ё   Ё   Ё   Ё   Ё   Ё   Ё   Ё   Ё   Ё
   цдддедддедддедддедддедддедддедддедддедддедддеддд╢
   Ё   Ё   Ё Q Ё   Ё   Ё   Ё   Ё   Ё   Ё   Ё   Ё   Ё
   цдддедддедддедддедддедддедддедддедддедддедддеддд╢
   Ё   Ё   Ё   Ё   Ё Q Ё   Ё   Ё   Ё   Ё   Ё   Ё   Ё
   цдддедддедддедддедддедддедддедддедддедддедддеддд╢
   Ё   Ё   Ё   Ё   Ё   Ё   Ё   Ё Q Ё   Ё   Ё   Ё   Ё
   цдддедддедддедддедддедддедддедддедддедддедддеддд╢
   Ё   Ё   Ё   Ё   Ё   Ё   Ё   Ё   Ё   Ё Q Ё   Ё   Ё
   цдддедддедддедддедддедддедддедддедддедддедддеддд╢
   Ё   Ё   Ё   Ё   Ё   Ё   Ё   Ё   Ё   Ё   Ё   Ё Q Ё
   цдддедддедддедддедддедддедддедддедддедддедддеддд╢
   Ё   Ё   Ё   Ё   Ё   Ё Q Ё   Ё   Ё   Ё   Ё   Ё   Ё
   цдддедддедддедддедддедддедддедддедддедддедддеддд╢
   Ё   Ё   Ё   Ё   Ё   Ё   Ё   Ё   Ё   Ё   Ё Q Ё   Ё
   цдддедддедддедддедддедддедддедддедддедддедддеддд╢
   Ё   Ё Q Ё   Ё   Ё   Ё   Ё   Ё   Ё   Ё   Ё   Ё   Ё
   цдддедддедддедддедддедддедддедддедддедддедддеддд╢
   Ё   Ё   Ё   Ё   Ё   Ё   Ё Q Ё   Ё   Ё   Ё   Ё   Ё
   цдддедддедддедддедддедддедддедддедддедддедддеддд╢
   Ё   Ё   Ё   Ё   Ё   Ё   Ё   Ё   Ё Q Ё   Ё   Ё   Ё
   цдддедддедддедддедддедддедддедддедддедддедддеддд╢
   Ё   Ё   Ё   Ё Q Ё   Ё   Ё   Ё   Ё   Ё   Ё   Ё   Ё
   юдддадддадддадддадддадддадддадддадддадддадддаддды



