What size chessboard to solve for ? 14
Solution found : 

   здддбдддбдддбдддбдддбдддбдддбдддбдддбдддбдддбдддбдддбддд©
   Ё Q Ё   Ё   Ё   Ё   Ё   Ё   Ё   Ё   Ё   Ё   Ё   Ё   Ё   Ё
   цдддедддедддедддедддедддедддедддедддедддедддедддедддеддд╢
   Ё   Ё   Ё Q Ё   Ё   Ё   Ё   Ё   Ё   Ё   Ё   Ё   Ё   Ё   Ё
   цдддедддедддедддедддедддедддедддедддедддедддедддедддеддд╢
   Ё   Ё   Ё   Ё   Ё Q Ё   Ё   Ё   Ё   Ё   Ё   Ё   Ё   Ё   Ё
   цдддедддедддедддедддедддедддедддедддедддедддедддедддеддд╢
   Ё   Ё   Ё   Ё   Ё   Ё   Ё Q Ё   Ё   Ё   Ё   Ё   Ё   Ё   Ё
   цдддедддедддедддедддедддедддедддедддедддедддедддедддеддд╢
   Ё   Ё   Ё   Ё   Ё   Ё   Ё   Ё   Ё   Ё   Ё   Ё Q Ё   Ё   Ё
   цдддедддедддедддедддедддедддедддедддедддедддедддедддеддд╢
   Ё   Ё   Ё   Ё   Ё   Ё   Ё   Ё   Ё   Ё Q Ё   Ё   Ё   Ё   Ё
   цдддедддедддедддедддедддедддедддедддедддедддедддедддеддд╢
   Ё   Ё   Ё   Ё   Ё   Ё   Ё   Ё   Ё   Ё   Ё   Ё   Ё Q Ё   Ё
   цдддедддедддедддедддедддедддедддедддедддедддедддедддеддд╢
   Ё   Ё   Ё   Ё Q Ё   Ё   Ё   Ё   Ё   Ё   Ё   Ё   Ё   Ё   Ё
   цдддедддедддедддедддедддедддедддедддедддедддедддедддеддд╢
   Ё   Ё   Ё   Ё   Ё   Ё   Ё   Ё   Ё   Ё   Ё   Ё   Ё   Ё Q Ё
   цдддедддедддедддедддедддедддедддедддедддедддедддедддеддд╢
   Ё   Ё   Ё   Ё   Ё   Ё   Ё   Ё   Ё Q Ё   Ё   Ё   Ё   Ё   Ё
   цдддедддедддедддедддедддедддедддедддедддедддедддедддеддд╢
   Ё   Ё Q Ё   Ё   Ё   Ё   Ё   Ё   Ё   Ё   Ё   Ё   Ё   Ё   Ё
   цдддедддедддедддедддедддедддедддедддедддедддедддедддеддд╢
   Ё   Ё   Ё   Ё   Ё   Ё Q Ё   Ё   Ё   Ё   Ё   Ё   Ё   Ё   Ё
   цдддедддедддедддедддедддедддедддедддедддедддедддедддеддд╢
   Ё   Ё   Ё   Ё   Ё   Ё   Ё   Ё Q Ё   Ё   Ё   Ё   Ё   Ё   Ё
   цдддедддедддедддедддедддедддедддедддедддедддедддедддеддд╢
   Ё   Ё   Ё   Ё   Ё   Ё   Ё   Ё   Ё   Ё   Ё Q Ё   Ё   Ё   Ё
   юдддадддадддадддадддадддадддадддадддадддадддадддадддаддды



