What size chessboard to solve for ? 16
Solution found : 

   здддбдддбдддбдддбдддбдддбдддбдддбдддбдддбдддбдддбдддбдддбдддбддд©
   Ё Q Ё   Ё   Ё   Ё   Ё   Ё   Ё   Ё   Ё   Ё   Ё   Ё   Ё   Ё   Ё   Ё
   цдддедддедддедддедддедддедддедддедддедддедддедддедддедддедддеддд╢
   Ё   Ё   Ё Q Ё   Ё   Ё   Ё   Ё   Ё   Ё   Ё   Ё   Ё   Ё   Ё   Ё   Ё
   цдддедддедддедддедддедддедддедддедддедддедддедддедддедддедддеддд╢
   Ё   Ё   Ё   Ё   Ё Q Ё   Ё   Ё   Ё   Ё   Ё   Ё   Ё   Ё   Ё   Ё   Ё
   цдддедддедддедддедддедддедддедддедддедддедддедддедддедддедддеддд╢
   Ё   Ё Q Ё   Ё   Ё   Ё   Ё   Ё   Ё   Ё   Ё   Ё   Ё   Ё   Ё   Ё   Ё
   цдддедддедддедддедддедддедддедддедддедддедддедддедддедддедддеддд╢
   Ё   Ё   Ё   Ё   Ё   Ё   Ё   Ё   Ё   Ё   Ё   Ё   Ё Q Ё   Ё   Ё   Ё
   цдддедддедддедддедддедддедддедддедддедддедддедддедддедддедддеддд╢
   Ё   Ё   Ё   Ё   Ё   Ё   Ё   Ё   Ё Q Ё   Ё   Ё   Ё   Ё   Ё   Ё   Ё
   цдддедддедддедддедддедддедддедддедддедддедддедддедддедддедддеддд╢
   Ё   Ё   Ё   Ё   Ё   Ё   Ё   Ё   Ё   Ё   Ё   Ё   Ё   Ё Q Ё   Ё   Ё
   цдддедддедддедддедддедддедддедддедддедддедддедддедддедддедддеддд╢
   Ё   Ё   Ё   Ё   Ё   Ё   Ё   Ё   Ё   Ё   Ё   Ё Q Ё   Ё   Ё   Ё   Ё
   цдддедддедддедддедддедддедддедддедддедддедддедддедддедддедддеддд╢
   Ё   Ё   Ё   Ё   Ё   Ё   Ё   Ё   Ё   Ё   Ё   Ё   Ё   Ё   Ё Q Ё   Ё
   цдддедддедддедддедддедддедддедддедддедддедддедддедддедддедддеддд╢
   Ё   Ё   Ё   Ё   Ё   Ё Q Ё   Ё   Ё   Ё   Ё   Ё   Ё   Ё   Ё   Ё   Ё
   цдддедддедддедддедддедддедддедддедддедддедддедддедддедддедддеддд╢
   Ё   Ё   Ё   Ё   Ё   Ё   Ё   Ё   Ё   Ё   Ё   Ё   Ё   Ё   Ё   Ё Q Ё
   цдддедддедддедддедддедддедддедддедддедддедддедддедддедддедддеддд╢
   Ё   Ё   Ё   Ё   Ё   Ё   Ё Q Ё   Ё   Ё   Ё   Ё   Ё   Ё   Ё   Ё   Ё
   цдддедддедддедддедддедддедддедддедддедддедддедддедддедддедддеддд╢
   Ё   Ё   Ё   Ё Q Ё   Ё   Ё   Ё   Ё   Ё   Ё   Ё   Ё   Ё   Ё   Ё   Ё
   цдддедддедддедддедддедддедддедддедддедддедддедддедддедддедддеддд╢
   Ё   Ё   Ё   Ё   Ё   Ё   Ё   Ё   Ё   Ё   Ё Q Ё   Ё   Ё   Ё   Ё   Ё
   цдддедддедддедддедддедддедддедддедддедддедддедддедддедддедддеддд╢
   Ё   Ё   Ё   Ё   Ё   Ё   Ё   Ё Q Ё   Ё   Ё   Ё   Ё   Ё   Ё   Ё   Ё
   цдддедддедддедддедддедддедддедддедддедддедддедддедддедддедддеддд╢
   Ё   Ё   Ё   Ё   Ё   Ё   Ё   Ё   Ё   Ё Q Ё   Ё   Ё   Ё   Ё   Ё   Ё
   юдддадддадддадддадддадддадддадддадддадддадддадддадддадддадддаддды



