What size chessboard to solve for ? 18
Solution found : 

   здддбдддбдддбдддбдддбдддбдддбдддбдддбдддбдддбдддбдддбдддбдддбдддбдддбддд©
   Ё Q Ё   Ё   Ё   Ё   Ё   Ё   Ё   Ё   Ё   Ё   Ё   Ё   Ё   Ё   Ё   Ё   Ё   Ё
   цдддедддедддедддедддедддедддедддедддедддедддедддедддедддедддедддедддеддд╢
   Ё   Ё   Ё Q Ё   Ё   Ё   Ё   Ё   Ё   Ё   Ё   Ё   Ё   Ё   Ё   Ё   Ё   Ё   Ё
   цдддедддедддедддедддедддедддедддедддедддедддедддедддедддедддедддедддеддд╢
   Ё   Ё   Ё   Ё   Ё Q Ё   Ё   Ё   Ё   Ё   Ё   Ё   Ё   Ё   Ё   Ё   Ё   Ё   Ё
   цдддедддедддедддедддедддедддедддедддедддедддедддедддедддедддедддедддеддд╢
   Ё   Ё Q Ё   Ё   Ё   Ё   Ё   Ё   Ё   Ё   Ё   Ё   Ё   Ё   Ё   Ё   Ё   Ё   Ё
   цдддедддедддедддедддедддедддедддедддедддедддедддедддедддедддедддедддеддд╢
   Ё   Ё   Ё   Ё   Ё   Ё   Ё   Ё Q Ё   Ё   Ё   Ё   Ё   Ё   Ё   Ё   Ё   Ё   Ё
   цдддедддедддедддедддедддедддедддедддедддедддедддедддедддедддедддедддеддд╢
   Ё   Ё   Ё   Ё   Ё   Ё   Ё   Ё   Ё   Ё   Ё   Ё   Ё   Ё   Ё Q Ё   Ё   Ё   Ё
   цдддедддедддедддедддедддедддедддедддедддедддедддедддедддедддедддедддеддд╢
   Ё   Ё   Ё   Ё   Ё   Ё   Ё   Ё   Ё   Ё   Ё   Ё Q Ё   Ё   Ё   Ё   Ё   Ё   Ё
   цдддедддедддедддедддедддедддедддедддедддедддедддедддедддедддедддедддеддд╢
   Ё   Ё   Ё   Ё   Ё   Ё   Ё   Ё   Ё   Ё   Ё   Ё   Ё   Ё   Ё   Ё Q Ё   Ё   Ё
   цдддедддедддедддедддедддедддедддедддедддедддедддедддедддедддедддедддеддд╢
   Ё   Ё   Ё   Ё   Ё   Ё   Ё   Ё   Ё   Ё   Ё   Ё   Ё Q Ё   Ё   Ё   Ё   Ё   Ё
   цдддедддедддедддедддедддедддедддедддедддедддедддедддедддедддедддедддеддд╢
   Ё   Ё   Ё   Ё   Ё   Ё   Ё   Ё   Ё   Ё   Ё   Ё   Ё   Ё   Ё   Ё   Ё Q Ё   Ё
   цдддедддедддедддедддедддедддедддедддедддедддедддедддедддедддедддедддеддд╢
   Ё   Ё   Ё   Ё   Ё   Ё Q Ё   Ё   Ё   Ё   Ё   Ё   Ё   Ё   Ё   Ё   Ё   Ё   Ё
   цдддедддедддедддедддедддедддедддедддедддедддедддедддедддедддедддедддеддд╢
   Ё   Ё   Ё   Ё   Ё   Ё   Ё   Ё   Ё   Ё   Ё   Ё   Ё   Ё   Ё   Ё   Ё   Ё Q Ё
   цдддедддедддедддедддедддедддедддедддедддедддедддедддедддедддедддедддеддд╢
   Ё   Ё   Ё   Ё   Ё   Ё   Ё Q Ё   Ё   Ё   Ё   Ё   Ё   Ё   Ё   Ё   Ё   Ё   Ё
   цдддедддедддедддедддедддедддедддедддедддедддедддедддедддедддедддедддеддд╢
   Ё   Ё   Ё   Ё Q Ё   Ё   Ё   Ё   Ё   Ё   Ё   Ё   Ё   Ё   Ё   Ё   Ё   Ё   Ё
   цдддедддедддедддедддедддедддедддедддедддедддедддедддедддедддедддедддеддд╢
   Ё   Ё   Ё   Ё   Ё   Ё   Ё   Ё   Ё   Ё   Ё Q Ё   Ё   Ё   Ё   Ё   Ё   Ё   Ё
   цдддедддедддедддедддедддедддедддедддедддедддедддедддедддедддедддедддеддд╢
   Ё   Ё   Ё   Ё   Ё   Ё   Ё   Ё   Ё Q Ё   Ё   Ё   Ё   Ё   Ё   Ё   Ё   Ё   Ё
   цдддедддедддедддедддедддедддедддедддедддедддедддедддедддедддедддедддеддд╢
   Ё   Ё   Ё   Ё   Ё   Ё   Ё   Ё   Ё   Ё   Ё   Ё   Ё   Ё Q Ё   Ё   Ё   Ё   Ё
   цдддедддедддедддедддедддедддедддедддедддедддедддедддедддедддедддедддеддд╢
   Ё   Ё   Ё   Ё   Ё   Ё   Ё   Ё   Ё   Ё Q Ё   Ё   Ё   Ё   Ё   Ё   Ё   Ё   Ё
   юдддадддадддадддадддадддадддадддадддадддадддадддадддадддадддадддадддаддды



